Started GET "/" for 127.0.0.1 at 2021-03-07 19:39:12 -0500
  [1m[35m (8.0ms)[0m  [1m[34mSELECT sqlite_version(*)[0m
Processing by Rails::WelcomeController#index as HTML
  Rendering /Users/michael/.rbenv/versions/2.7.2/lib/ruby/gems/2.7.0/gems/railties-6.1.3/lib/rails/templates/rails/welcome/index.html.erb
  Rendered /Users/michael/.rbenv/versions/2.7.2/lib/ruby/gems/2.7.0/gems/railties-6.1.3/lib/rails/templates/rails/welcome/index.html.erb (Duration: 20.3ms | Allocations: 445)
Completed 200 OK in 47ms (Views: 28.3ms | ActiveRecord: 0.0ms | Allocations: 3602)


Started GET "/articles" for ::1 at 2021-03-07 19:46:43 -0500
  [1m[35m (9.6ms)[0m  [1m[34mSELECT sqlite_version(*)[0m
Processing by ArticlesController#index as HTML
  Rendering layout layouts/application.html.erb
  Rendering articles/index.html.erb within layouts/application
  Rendered articles/index.html.erb within layouts/application (Duration: 1.5ms | Allocations: 217)
[Webpacker] Compiling...
Started GET "/articles" for ::1 at 2021-03-07 19:46:49 -0500
Processing by ArticlesController#index as HTML
  Rendering layout layouts/application.html.erb
  Rendering articles/index.html.erb within layouts/application
  Rendered articles/index.html.erb within layouts/application (Duration: 0.1ms | Allocations: 38)
[Webpacker] Compiling...
[Webpacker] Compiled all packs in /Users/michael/Desktop/odin_playground/odin_blog/blog/public/packs
[Webpacker] Hash: e332c6419728fac579d5
Version: webpack 4.46.0
Time: 2674ms
Built at: 03/07/2021 7:46:50 PM
                                     Asset       Size       Chunks                         Chunk Names
    js/application-f826770d917d8a37c1d8.js    125 KiB  application  [emitted] [immutable]  application
js/application-f826770d917d8a37c1d8.js.map    139 KiB  application  [emitted] [dev]        application
                             manifest.json  364 bytes               [emitted]              
Entrypoint application = js/application-f826770d917d8a37c1d8.js js/application-f826770d917d8a37c1d8.js.map
[./app/javascript/channels sync recursive _channel\.js$] ./app/javascript/channels sync _channel\.js$ 160 bytes {application} [built]
[./app/javascript/channels/index.js] 211 bytes {application} [built]
[./app/javascript/packs/application.js] 492 bytes {application} [built]
[./node_modules/webpack/buildin/module.js] (webpack)/buildin/module.js 552 bytes {application} [built]
    + 3 hidden modules

  Rendered layout layouts/application.html.erb (Duration: 6226.2ms | Allocations: 23407)
Completed 200 OK in 6241ms (Views: 6230.8ms | ActiveRecord: 0.0ms | Allocations: 25937)


[Webpacker] Compiled all packs in /Users/michael/Desktop/odin_playground/odin_blog/blog/public/packs
[Webpacker] Hash: e332c6419728fac579d5
Version: webpack 4.46.0
Time: 696ms
Built at: 03/07/2021 7:46:52 PM
                                     Asset       Size       Chunks                         Chunk Names
    js/application-f826770d917d8a37c1d8.js    125 KiB  application  [emitted] [immutable]  application
js/application-f826770d917d8a37c1d8.js.map    139 KiB  application  [emitted] [dev]        application
                             manifest.json  364 bytes               [emitted]              
Entrypoint application = js/application-f826770d917d8a37c1d8.js js/application-f826770d917d8a37c1d8.js.map
[./app/javascript/channels sync recursive _channel\.js$] ./app/javascript/channels sync _channel\.js$ 160 bytes {application} [built]
[./app/javascript/channels/index.js] 211 bytes {application} [built]
[./app/javascript/packs/application.js] 492 bytes {application} [built]
[./node_modules/webpack/buildin/module.js] (webpack)/buildin/module.js 552 bytes {application} [built]
    + 3 hidden modules

  Rendered layout layouts/application.html.erb (Duration: 2510.6ms | Allocations: 8324)
Completed 200 OK in 2512ms (Views: 2511.6ms | ActiveRecord: 0.0ms | Allocations: 8652)


Started GET "/articles" for ::1 at 2021-03-07 19:46:55 -0500
Processing by ArticlesController#index as HTML
  Rendering layout layouts/application.html.erb
  Rendering articles/index.html.erb within layouts/application
  Rendered articles/index.html.erb within layouts/application (Duration: 0.1ms | Allocations: 38)
[Webpacker] Everything's up-to-date. Nothing to do
  Rendered layout layouts/application.html.erb (Duration: 16.4ms | Allocations: 3562)
Completed 200 OK in 18ms (Views: 16.9ms | ActiveRecord: 0.0ms | Allocations: 3946)


Started GET "/articles" for ::1 at 2021-03-07 19:46:56 -0500
Processing by ArticlesController#index as HTML
  Rendering layout layouts/application.html.erb
  Rendering articles/index.html.erb within layouts/application
  Rendered articles/index.html.erb within layouts/application (Duration: 0.2ms | Allocations: 38)
[Webpacker] Everything's up-to-date. Nothing to do
  Rendered layout layouts/application.html.erb (Duration: 6.2ms | Allocations: 3571)
Completed 200 OK in 7ms (Views: 6.6ms | ActiveRecord: 0.0ms | Allocations: 3947)


Started GET "/articles" for ::1 at 2021-03-07 19:46:57 -0500
Processing by ArticlesController#index as HTML
  Rendering layout layouts/application.html.erb
  Rendering articles/index.html.erb within layouts/application
  Rendered articles/index.html.erb within layouts/application (Duration: 0.1ms | Allocations: 38)
[Webpacker] Everything's up-to-date. Nothing to do
  Rendered layout layouts/application.html.erb (Duration: 6.9ms | Allocations: 3563)
Completed 200 OK in 8ms (Views: 7.5ms | ActiveRecord: 0.0ms | Allocations: 3938)


Started GET "/articles" for ::1 at 2021-03-07 19:46:58 -0500
Processing by ArticlesController#index as HTML
  Rendering layout layouts/application.html.erb
  Rendering articles/index.html.erb within layouts/application
  Rendered articles/index.html.erb within layouts/application (Duration: 0.1ms | Allocations: 38)
[Webpacker] Everything's up-to-date. Nothing to do
  Rendered layout layouts/application.html.erb (Duration: 21.2ms | Allocations: 3566)
Completed 200 OK in 22ms (Views: 21.7ms | ActiveRecord: 0.0ms | Allocations: 3945)


Started GET "/articles" for ::1 at 2021-03-07 19:47:00 -0500
Processing by ArticlesController#index as HTML
  Rendering layout layouts/application.html.erb
  Rendering articles/index.html.erb within layouts/application
  Rendered articles/index.html.erb within layouts/application (Duration: 0.1ms | Allocations: 38)
[Webpacker] Everything's up-to-date. Nothing to do
  Rendered layout layouts/application.html.erb (Duration: 7.6ms | Allocations: 3562)
Completed 200 OK in 9ms (Views: 8.4ms | ActiveRecord: 0.0ms | Allocations: 3942)


Started GET "/" for ::1 at 2021-03-07 19:47:25 -0500
Processing by Rails::WelcomeController#index as HTML
  Rendering /Users/michael/.rbenv/versions/2.7.2/lib/ruby/gems/2.7.0/gems/railties-6.1.3/lib/rails/templates/rails/welcome/index.html.erb
  Rendered /Users/michael/.rbenv/versions/2.7.2/lib/ruby/gems/2.7.0/gems/railties-6.1.3/lib/rails/templates/rails/welcome/index.html.erb (Duration: 7.6ms | Allocations: 229)
Completed 200 OK in 13ms (Views: 9.5ms | ActiveRecord: 0.0ms | Allocations: 945)


Started GET "/articles" for ::1 at 2021-03-07 19:48:25 -0500
Processing by ArticlesController#index as HTML
  Rendering layout layouts/application.html.erb
  Rendering articles/index.html.erb within layouts/application
  Rendered articles/index.html.erb within layouts/application (Duration: 0.8ms | Allocations: 102)
[Webpacker] Everything's up-to-date. Nothing to do
  Rendered layout layouts/application.html.erb (Duration: 15.7ms | Allocations: 3778)
Completed 200 OK in 20ms (Views: 18.3ms | Allocations: 4871)


Started GET "/" for ::1 at 2021-03-07 19:48:26 -0500
Processing by ArticlesController#index as HTML
  Rendering layout layouts/application.html.erb
  Rendering articles/index.html.erb within layouts/application
  Rendered articles/index.html.erb within layouts/application (Duration: 0.1ms | Allocations: 38)
[Webpacker] Everything's up-to-date. Nothing to do
  Rendered layout layouts/application.html.erb (Duration: 8.2ms | Allocations: 3560)
Completed 200 OK in 9ms (Views: 8.7ms | Allocations: 3935)


  [1m[35m (2.4ms)[0m  [1m[34mSELECT sqlite_version(*)[0m
  [1m[35m (6.7ms)[0m  [1m[35mCREATE TABLE "schema_migrations" ("version" varchar NOT NULL PRIMARY KEY)[0m
  [1m[35m (9.0ms)[0m  [1m[35mCREATE TABLE "ar_internal_metadata" ("key" varchar NOT NULL PRIMARY KEY, "value" varchar, "created_at" datetime(6) NOT NULL, "updated_at" datetime(6) NOT NULL)[0m
  [1m[35m (0.6ms)[0m  [1m[34mSELECT "schema_migrations"."version" FROM "schema_migrations" ORDER BY "schema_migrations"."version" ASC[0m
Migrating to CreateArticles (20210308004925)
  [1m[36mTRANSACTION (0.1ms)[0m  [1m[36mbegin transaction[0m
  [1m[35m (1.9ms)[0m  [1m[35mCREATE TABLE "articles" ("id" integer PRIMARY KEY AUTOINCREMENT NOT NULL, "title" varchar, "body" text, "created_at" datetime(6) NOT NULL, "updated_at" datetime(6) NOT NULL)[0m
  [1m[36mActiveRecord::SchemaMigration Create (0.8ms)[0m  [1m[32mINSERT INTO "schema_migrations" ("version") VALUES (?)[0m  [["version", "20210308004925"]]
  [1m[36mTRANSACTION (2.2ms)[0m  [1m[36mcommit transaction[0m
  [1m[36mActiveRecord::InternalMetadata Load (0.6ms)[0m  [1m[34mSELECT "ar_internal_metadata".* FROM "ar_internal_metadata" WHERE "ar_internal_metadata"."key" = ? LIMIT ?[0m  [["key", "environment"], ["LIMIT", 1]]
  [1m[36mTRANSACTION (0.1ms)[0m  [1m[36mbegin transaction[0m
  [1m[36mActiveRecord::InternalMetadata Create (8.4ms)[0m  [1m[32mINSERT INTO "ar_internal_metadata" ("key", "value", "created_at", "updated_at") VALUES (?, ?, ?, ?)[0m  [["key", "environment"], ["value", "development"], ["created_at", "2021-03-08 01:04:39.170810"], ["updated_at", "2021-03-08 01:04:39.170810"]]
  [1m[36mTRANSACTION (2.0ms)[0m  [1m[36mcommit transaction[0m
  [1m[35m (0.1ms)[0m  [1m[34mSELECT sqlite_version(*)[0m
  [1m[35m (0.3ms)[0m  [1m[34mSELECT "schema_migrations"."version" FROM "schema_migrations" ORDER BY "schema_migrations"."version" ASC[0m
  [1m[35m (1.8ms)[0m  [1m[34mSELECT sqlite_version(*)[0m
  [1m[36mTRANSACTION (0.1ms)[0m  [1m[36mbegin transaction[0m
  [1m[36mArticle Create (1.7ms)[0m  [1m[32mINSERT INTO "articles" ("title", "body", "created_at", "updated_at") VALUES (?, ?, ?, ?)[0m  [["title", "Hello Rails"], ["body", "I am on Rails!"], ["created_at", "2021-03-08 01:30:58.321162"], ["updated_at", "2021-03-08 01:30:58.321162"]]
  [1m[36mTRANSACTION (1.5ms)[0m  [1m[36mcommit transaction[0m
  [1m[36mArticle Load (0.2ms)[0m  [1m[34mSELECT "articles".* FROM "articles" WHERE "articles"."id" = ? LIMIT ?[0m  [["id", 1], ["LIMIT", 1]]
  [1m[36mArticle Load (0.2ms)[0m  [1m[34mSELECT "articles".* FROM "articles" /* loading for inspect */ LIMIT ?[0m  [["LIMIT", 11]]
Started GET "/" for ::1 at 2021-03-07 20:38:13 -0500
  [1m[35m (1.0ms)[0m  [1m[34mSELECT sqlite_version(*)[0m
  [1m[35m (0.2ms)[0m  [1m[34mSELECT "schema_migrations"."version" FROM "schema_migrations" ORDER BY "schema_migrations"."version" ASC[0m
Processing by ArticlesController#index as HTML
  Rendering layout layouts/application.html.erb
  Rendering articles/index.html.erb within layouts/application
  [1m[36mArticle Load (0.3ms)[0m  [1m[34mSELECT "articles".* FROM "articles"[0m
  ↳ app/views/articles/index.html.erb:4
  Rendered articles/index.html.erb within layouts/application (Duration: 27.6ms | Allocations: 3865)
[Webpacker] Everything's up-to-date. Nothing to do
  Rendered layout layouts/application.html.erb (Duration: 70.4ms | Allocations: 9666)
Completed 200 OK in 93ms (Views: 74.4ms | ActiveRecord: 2.1ms | Allocations: 12521)


Started GET "/" for 127.0.0.1 at 2021-03-07 20:47:16 -0500
  [1m[35m (0.9ms)[0m  [1m[34mSELECT sqlite_version(*)[0m
  [1m[35m (0.4ms)[0m  [1m[34mSELECT "schema_migrations"."version" FROM "schema_migrations" ORDER BY "schema_migrations"."version" ASC[0m
Processing by ArticlesController#index as HTML
  Rendering layout layouts/application.html.erb
  Rendering articles/index.html.erb within layouts/application
  [1m[36mArticle Load (0.4ms)[0m  [1m[34mSELECT "articles".* FROM "articles"[0m
  ↳ app/views/articles/index.html.erb:4
  Rendered articles/index.html.erb within layouts/application (Duration: 104.2ms | Allocations: 3864)
[Webpacker] Everything's up-to-date. Nothing to do
  Rendered layout layouts/application.html.erb (Duration: 200.4ms | Allocations: 9642)
Completed 200 OK in 227ms (Views: 205.3ms | ActiveRecord: 1.1ms | Allocations: 12480)


Started GET "/" for 127.0.0.1 at 2021-03-07 21:07:46 -0500
  [1m[35m (1.5ms)[0m  [1m[34mSELECT sqlite_version(*)[0m
  [1m[35m (0.5ms)[0m  [1m[34mSELECT "schema_migrations"."version" FROM "schema_migrations" ORDER BY "schema_migrations"."version" ASC[0m
Processing by ArticlesController#index as HTML
  Rendering layout layouts/application.html.erb
  Rendering articles/index.html.erb within layouts/application
  [1m[36mArticle Load (0.6ms)[0m  [1m[34mSELECT "articles".* FROM "articles"[0m
  ↳ app/views/articles/index.html.erb:4
  Rendered articles/index.html.erb within layouts/application (Duration: 15.7ms | Allocations: 3864)
[Webpacker] Everything's up-to-date. Nothing to do
  Rendered layout layouts/application.html.erb (Duration: 66.3ms | Allocations: 9434)
Completed 200 OK in 104ms (Views: 71.1ms | ActiveRecord: 1.4ms | Allocations: 12289)


Started GET "/articles/1" for 127.0.0.1 at 2021-03-07 21:46:38 -0500
  [1m[35m (1.6ms)[0m  [1m[34mSELECT sqlite_version(*)[0m
  [1m[35m (0.7ms)[0m  [1m[34mSELECT "schema_migrations"."version" FROM "schema_migrations" ORDER BY "schema_migrations"."version" ASC[0m
Processing by ArticlesController#show as HTML
  Parameters: {"id"=>"1"}
  [1m[36mArticle Load (0.5ms)[0m  [1m[34mSELECT "articles".* FROM "articles" WHERE "articles"."id" = ? LIMIT ?[0m  [["id", 1], ["LIMIT", 1]]
  ↳ app/controllers/articles_controller.rb:7:in `show'
  Rendering layout layouts/application.html.erb
  Rendering articles/show.html.erb within layouts/application
  Rendered articles/show.html.erb within layouts/application (Duration: 2.0ms | Allocations: 256)
[Webpacker] Everything's up-to-date. Nothing to do
  Rendered layout layouts/application.html.erb (Duration: 42.2ms | Allocations: 6056)
Completed 200 OK in 73ms (Views: 48.8ms | ActiveRecord: 1.1ms | Allocations: 12749)


Started GET "/articles" for 127.0.0.1 at 2021-03-07 21:48:37 -0500
Processing by ArticlesController#index as HTML
  Rendering layout layouts/application.html.erb
  Rendering articles/index.html.erb within layouts/application
  [1m[36mArticle Load (0.2ms)[0m  [1m[34mSELECT "articles".* FROM "articles"[0m
  ↳ app/views/articles/index.html.erb:4
  Rendered articles/index.html.erb within layouts/application (Duration: 4.2ms | Allocations: 863)
[Webpacker] Everything's up-to-date. Nothing to do
  Rendered layout layouts/application.html.erb (Duration: 12.6ms | Allocations: 4553)
Completed 200 OK in 17ms (Views: 15.2ms | ActiveRecord: 0.2ms | Allocations: 5665)


Started GET "/articles/1" for 127.0.0.1 at 2021-03-07 21:48:39 -0500
Processing by ArticlesController#show as HTML
  Parameters: {"id"=>"1"}
  [1m[36mArticle Load (0.3ms)[0m  [1m[34mSELECT "articles".* FROM "articles" WHERE "articles"."id" = ? LIMIT ?[0m  [["id", 1], ["LIMIT", 1]]
  ↳ app/controllers/articles_controller.rb:7:in `show'
  Rendering layout layouts/application.html.erb
  Rendering articles/show.html.erb within layouts/application
  Rendered articles/show.html.erb within layouts/application (Duration: 3.7ms | Allocations: 147)
[Webpacker] Everything's up-to-date. Nothing to do
  Rendered layout layouts/application.html.erb (Duration: 32.3ms | Allocations: 3773)
Completed 200 OK in 42ms (Views: 33.1ms | ActiveRecord: 0.3ms | Allocations: 5337)


Started GET "/" for 127.0.0.1 at 2021-03-07 21:54:21 -0500
  [1m[35m (1.1ms)[0m  [1m[34mSELECT sqlite_version(*)[0m
  [1m[35m (0.7ms)[0m  [1m[34mSELECT "schema_migrations"."version" FROM "schema_migrations" ORDER BY "schema_migrations"."version" ASC[0m
Processing by Rails::WelcomeController#index as HTML
  Rendering /Users/michael/.rbenv/versions/2.7.2/lib/ruby/gems/2.7.0/gems/railties-6.1.3/lib/rails/templates/rails/welcome/index.html.erb
  Rendered /Users/michael/.rbenv/versions/2.7.2/lib/ruby/gems/2.7.0/gems/railties-6.1.3/lib/rails/templates/rails/welcome/index.html.erb (Duration: 14.1ms | Allocations: 337)
Completed 200 OK in 31ms (Views: 18.3ms | ActiveRecord: 0.0ms | Allocations: 2520)


Started GET "/" for 127.0.0.1 at 2021-03-07 21:55:56 -0500
  [1m[35m (1.3ms)[0m  [1m[34mSELECT sqlite_version(*)[0m
  [1m[35m (0.4ms)[0m  [1m[34mSELECT "schema_migrations"."version" FROM "schema_migrations" ORDER BY "schema_migrations"."version" ASC[0m
Processing by ArticlesController#index as HTML
  Rendering layout layouts/application.html.erb
  Rendering articles/index.html.erb within layouts/application
  [1m[36mArticle Load (0.5ms)[0m  [1m[34mSELECT "articles".* FROM "articles"[0m
  ↳ app/views/articles/index.html.erb:4
  Rendered articles/index.html.erb within layouts/application (Duration: 9.0ms | Allocations: 3881)
[Webpacker] Everything's up-to-date. Nothing to do
  Rendered layout layouts/application.html.erb (Duration: 45.6ms | Allocations: 9451)
Completed 200 OK in 64ms (Views: 49.5ms | ActiveRecord: 1.0ms | Allocations: 12306)


Started GET "/articles" for 127.0.0.1 at 2021-03-07 21:57:01 -0500
Processing by ArticlesController#index as HTML
  Rendering layout layouts/application.html.erb
  Rendering articles/index.html.erb within layouts/application
  [1m[35m (0.1ms)[0m  [1m[34mSELECT sqlite_version(*)[0m
  ↳ app/views/articles/index.html.erb:4
  [1m[36mArticle Load (0.5ms)[0m  [1m[34mSELECT "articles".* FROM "articles"[0m
  ↳ app/views/articles/index.html.erb:4
  Rendered articles/index.html.erb within layouts/application (Duration: 27.2ms | Allocations: 3784)
[Webpacker] Everything's up-to-date. Nothing to do
  Rendered layout layouts/application.html.erb (Duration: 54.4ms | Allocations: 7283)
Completed 200 OK in 59ms (Views: 55.3ms | ActiveRecord: 1.5ms | Allocations: 8033)


Started GET "/articles/1" for 127.0.0.1 at 2021-03-07 21:57:04 -0500
Processing by ArticlesController#show as HTML
  Parameters: {"id"=>"1"}
  [1m[36mArticle Load (0.2ms)[0m  [1m[34mSELECT "articles".* FROM "articles" WHERE "articles"."id" = ? LIMIT ?[0m  [["id", 1], ["LIMIT", 1]]
  ↳ app/controllers/articles_controller.rb:7:in `show'
  Rendering layout layouts/application.html.erb
  Rendering articles/show.html.erb within layouts/application
  Rendered articles/show.html.erb within layouts/application (Duration: 1.3ms | Allocations: 147)
[Webpacker] Everything's up-to-date. Nothing to do
  Rendered layout layouts/application.html.erb (Duration: 12.2ms | Allocations: 3659)
Completed 200 OK in 22ms (Views: 13.1ms | ActiveRecord: 0.2ms | Allocations: 5120)


Started GET "/articles/new" for 127.0.0.1 at 2021-03-07 21:57:06 -0500
  
AbstractController::ActionNotFound (The action 'new' could not be found for ArticlesController
Did you mean?  show
               index):
  
actionpack (6.1.3) lib/abstract_controller/base.rb:160:in `process'
actionview (6.1.3) lib/action_view/rendering.rb:39:in `process'
actionpack (6.1.3) lib/action_controller/metal.rb:190:in `dispatch'
actionpack (6.1.3) lib/action_controller/metal.rb:254:in `dispatch'
actionpack (6.1.3) lib/action_dispatch/routing/route_set.rb:50:in `dispatch'
actionpack (6.1.3) lib/action_dispatch/routing/route_set.rb:33:in `serve'
actionpack (6.1.3) lib/action_dispatch/journey/router.rb:50:in `block in serve'
actionpack (6.1.3) lib/action_dispatch/journey/router.rb:32:in `each'
actionpack (6.1.3) lib/action_dispatch/journey/router.rb:32:in `serve'
actionpack (6.1.3) lib/action_dispatch/routing/route_set.rb:842:in `call'
rack (2.2.3) lib/rack/tempfile_reaper.rb:15:in `call'
rack (2.2.3) lib/rack/etag.rb:27:in `call'
rack (2.2.3) lib/rack/conditional_get.rb:27:in `call'
rack (2.2.3) lib/rack/head.rb:12:in `call'
actionpack (6.1.3) lib/action_dispatch/http/permissions_policy.rb:22:in `call'
actionpack (6.1.3) lib/action_dispatch/http/content_security_policy.rb:18:in `call'
rack (2.2.3) lib/rack/session/abstract/id.rb:266:in `context'
rack (2.2.3) lib/rack/session/abstract/id.rb:260:in `call'
actionpack (6.1.3) lib/action_dispatch/middleware/cookies.rb:689:in `call'
activerecord (6.1.3) lib/active_record/migration.rb:601:in `call'
actionpack (6.1.3) lib/action_dispatch/middleware/callbacks.rb:27:in `block in call'
activesupport (6.1.3) lib/active_support/callbacks.rb:98:in `run_callbacks'
actionpack (6.1.3) lib/action_dispatch/middleware/callbacks.rb:26:in `call'
actionpack (6.1.3) lib/action_dispatch/middleware/executor.rb:14:in `call'
actionpack (6.1.3) lib/action_dispatch/middleware/actionable_exceptions.rb:18:in `call'
actionpack (6.1.3) lib/action_dispatch/middleware/debug_exceptions.rb:29:in `call'
web-console (4.1.0) lib/web_console/middleware.rb:132:in `call_app'
web-console (4.1.0) lib/web_console/middleware.rb:28:in `block in call'
web-console (4.1.0) lib/web_console/middleware.rb:17:in `catch'
web-console (4.1.0) lib/web_console/middleware.rb:17:in `call'
actionpack (6.1.3) lib/action_dispatch/middleware/show_exceptions.rb:33:in `call'
railties (6.1.3) lib/rails/rack/logger.rb:37:in `call_app'
railties (6.1.3) lib/rails/rack/logger.rb:26:in `block in call'
activesupport (6.1.3) lib/active_support/tagged_logging.rb:99:in `block in tagged'
activesupport (6.1.3) lib/active_support/tagged_logging.rb:37:in `tagged'
activesupport (6.1.3) lib/active_support/tagged_logging.rb:99:in `tagged'
railties (6.1.3) lib/rails/rack/logger.rb:26:in `call'
sprockets-rails (3.2.2) lib/sprockets/rails/quiet_assets.rb:13:in `call'
actionpack (6.1.3) lib/action_dispatch/middleware/remote_ip.rb:81:in `call'
actionpack (6.1.3) lib/action_dispatch/middleware/request_id.rb:26:in `call'
rack (2.2.3) lib/rack/method_override.rb:24:in `call'
rack (2.2.3) lib/rack/runtime.rb:22:in `call'
activesupport (6.1.3) lib/active_support/cache/strategy/local_cache_middleware.rb:29:in `call'
actionpack (6.1.3) lib/action_dispatch/middleware/executor.rb:14:in `call'
actionpack (6.1.3) lib/action_dispatch/middleware/static.rb:24:in `call'
rack (2.2.3) lib/rack/sendfile.rb:110:in `call'
actionpack (6.1.3) lib/action_dispatch/middleware/host_authorization.rb:98:in `call'
rack-mini-profiler (2.3.1) lib/mini_profiler/profiler.rb:373:in `call'
webpacker (5.2.1) lib/webpacker/dev_server_proxy.rb:25:in `perform_request'
rack-proxy (0.6.5) lib/rack/proxy.rb:57:in `call'
railties (6.1.3) lib/rails/engine.rb:539:in `call'
puma (5.2.2) lib/puma/configuration.rb:248:in `call'
puma (5.2.2) lib/puma/request.rb:76:in `block in handle_request'
puma (5.2.2) lib/puma/thread_pool.rb:337:in `with_force_shutdown'
puma (5.2.2) lib/puma/request.rb:75:in `handle_request'
puma (5.2.2) lib/puma/server.rb:431:in `process_client'
puma (5.2.2) lib/puma/thread_pool.rb:145:in `block in spawn_thread'
Started GET "/articles/" for 127.0.0.1 at 2021-03-07 22:05:37 -0500
  [1m[35m (1.5ms)[0m  [1m[34mSELECT sqlite_version(*)[0m
  [1m[35m (0.8ms)[0m  [1m[34mSELECT "schema_migrations"."version" FROM "schema_migrations" ORDER BY "schema_migrations"."version" ASC[0m
Processing by ArticlesController#index as HTML
  Rendering layout layouts/application.html.erb
  Rendering articles/index.html.erb within layouts/application
  [1m[36mArticle Load (0.8ms)[0m  [1m[34mSELECT "articles".* FROM "articles"[0m
  ↳ app/views/articles/index.html.erb:4
  Rendered articles/index.html.erb within layouts/application (Duration: 9.3ms | Allocations: 3923)
[Webpacker] Everything's up-to-date. Nothing to do
  Rendered layout layouts/application.html.erb (Duration: 42.0ms | Allocations: 9491)
Completed 200 OK in 63ms (Views: 46.3ms | ActiveRecord: 1.2ms | Allocations: 12346)


Started GET "/articles/1" for 127.0.0.1 at 2021-03-07 22:05:39 -0500
Processing by ArticlesController#show as HTML
  Parameters: {"id"=>"1"}
  [1m[36mArticle Load (0.3ms)[0m  [1m[34mSELECT "articles".* FROM "articles" WHERE "articles"."id" = ? LIMIT ?[0m  [["id", 1], ["LIMIT", 1]]
  ↳ app/controllers/articles_controller.rb:7:in `show'
  Rendering layout layouts/application.html.erb
  Rendering articles/show.html.erb within layouts/application
  Rendered articles/show.html.erb within layouts/application (Duration: 1.4ms | Allocations: 154)
[Webpacker] Everything's up-to-date. Nothing to do
  Rendered layout layouts/application.html.erb (Duration: 15.5ms | Allocations: 3772)
Completed 200 OK in 26ms (Views: 16.4ms | ActiveRecord: 0.3ms | Allocations: 5746)


Started GET "/articles" for 127.0.0.1 at 2021-03-07 22:11:57 -0500
  [1m[35m (1.5ms)[0m  [1m[34mSELECT sqlite_version(*)[0m
  [1m[35m (0.6ms)[0m  [1m[34mSELECT "schema_migrations"."version" FROM "schema_migrations" ORDER BY "schema_migrations"."version" ASC[0m
Processing by ArticlesController#index as HTML
  Rendering layout layouts/application.html.erb
  Rendering articles/index.html.erb within layouts/application
  [1m[36mArticle Load (0.6ms)[0m  [1m[34mSELECT "articles".* FROM "articles"[0m
  ↳ app/views/articles/index.html.erb:4
  Rendered articles/index.html.erb within layouts/application (Duration: 10.4ms | Allocations: 3981)
[Webpacker] Everything's up-to-date. Nothing to do
  Rendered layout layouts/application.html.erb (Duration: 57.1ms | Allocations: 9546)
Completed 200 OK in 79ms (Views: 62.5ms | ActiveRecord: 1.1ms | Allocations: 12401)


Started GET "/articles/1" for 127.0.0.1 at 2021-03-07 22:11:59 -0500
Processing by ArticlesController#show as HTML
  Parameters: {"id"=>"1"}
  [1m[36mArticle Load (0.3ms)[0m  [1m[34mSELECT "articles".* FROM "articles" WHERE "articles"."id" = ? LIMIT ?[0m  [["id", 1], ["LIMIT", 1]]
  ↳ app/controllers/articles_controller.rb:7:in `show'
  Rendering layout layouts/application.html.erb
  Rendering articles/show.html.erb within layouts/application
  Rendered articles/show.html.erb within layouts/application (Duration: 1.0ms | Allocations: 163)
[Webpacker] Everything's up-to-date. Nothing to do
  Rendered layout layouts/application.html.erb (Duration: 14.8ms | Allocations: 3800)
Completed 200 OK in 26ms (Views: 15.7ms | ActiveRecord: 0.3ms | Allocations: 5747)


Started GET "/articles/1" for 127.0.0.1 at 2021-03-07 22:12:50 -0500
  [1m[35m (1.8ms)[0m  [1m[34mSELECT sqlite_version(*)[0m
  [1m[35m (0.7ms)[0m  [1m[34mSELECT "schema_migrations"."version" FROM "schema_migrations" ORDER BY "schema_migrations"."version" ASC[0m
Processing by ArticlesController#show as HTML
  Parameters: {"id"=>"1"}
  [1m[36mArticle Load (0.5ms)[0m  [1m[34mSELECT "articles".* FROM "articles" WHERE "articles"."id" = ? LIMIT ?[0m  [["id", 1], ["LIMIT", 1]]
  ↳ app/controllers/articles_controller.rb:7:in `show'
  Rendering layout layouts/application.html.erb
  Rendering articles/show.html.erb within layouts/application
  Rendered articles/show.html.erb within layouts/application (Duration: 2.1ms | Allocations: 256)
[Webpacker] Everything's up-to-date. Nothing to do
  Rendered layout layouts/application.html.erb (Duration: 39.9ms | Allocations: 5826)
Completed 200 OK in 70ms (Views: 46.6ms | ActiveRecord: 1.3ms | Allocations: 12518)


Started GET "/articles" for 127.0.0.1 at 2021-03-07 22:12:54 -0500
Processing by ArticlesController#index as HTML
  Rendering layout layouts/application.html.erb
  Rendering articles/index.html.erb within layouts/application
  [1m[36mArticle Load (0.2ms)[0m  [1m[34mSELECT "articles".* FROM "articles"[0m
  ↳ app/views/articles/index.html.erb:4
  Rendered articles/index.html.erb within layouts/application (Duration: 13.3ms | Allocations: 5236)
  Rendered layout layouts/application.html.erb (Duration: 13.7ms | Allocations: 5301)
Completed 500 Internal Server Error in 16ms (ActiveRecord: 0.2ms | Allocations: 5804)


  
ActionView::Template::Error (undefined local variable or method `article' for #<ActionView::Base:0x00000000008a70>
Did you mean?  @articles):
    3: <ul>
    4:     <% @articles.each do |art| %>
    5:         <li>
    6:             <%= link_to article.title, art %>
    7:         </li>
    8:     <% end %>
    9: </ul>
  
app/views/articles/index.html.erb:6
app/views/articles/index.html.erb:4
Started GET "/articles" for 127.0.0.1 at 2021-03-07 22:13:08 -0500
Processing by ArticlesController#index as HTML
  Rendering layout layouts/application.html.erb
  Rendering articles/index.html.erb within layouts/application
  [1m[36mArticle Load (0.2ms)[0m  [1m[34mSELECT "articles".* FROM "articles"[0m
  ↳ app/views/articles/index.html.erb:4
  Rendered articles/index.html.erb within layouts/application (Duration: 3.6ms | Allocations: 1007)
[Webpacker] Everything's up-to-date. Nothing to do
  Rendered layout layouts/application.html.erb (Duration: 17.4ms | Allocations: 4827)
Completed 200 OK in 22ms (Views: 19.9ms | ActiveRecord: 0.2ms | Allocations: 6051)


Started GET "/articles/1" for 127.0.0.1 at 2021-03-07 22:13:09 -0500
Processing by ArticlesController#show as HTML
  Parameters: {"id"=>"1"}
  [1m[36mArticle Load (0.1ms)[0m  [1m[34mSELECT "articles".* FROM "articles" WHERE "articles"."id" = ? LIMIT ?[0m  [["id", 1], ["LIMIT", 1]]
  ↳ app/controllers/articles_controller.rb:7:in `show'
  Rendering layout layouts/application.html.erb
  Rendering articles/show.html.erb within layouts/application
  Rendered articles/show.html.erb within layouts/application (Duration: 3.2ms | Allocations: 639)
[Webpacker] Everything's up-to-date. Nothing to do
  Rendered layout layouts/application.html.erb (Duration: 16.5ms | Allocations: 4268)
Completed 200 OK in 20ms (Views: 17.3ms | ActiveRecord: 0.1ms | Allocations: 5340)


Started GET "/articles" for 127.0.0.1 at 2021-03-07 22:14:56 -0500
Processing by ArticlesController#index as HTML
  Rendering layout layouts/application.html.erb
  Rendering articles/index.html.erb within layouts/application
  [1m[36mArticle Load (0.3ms)[0m  [1m[34mSELECT "articles".* FROM "articles" /* loading for inspect */ LIMIT ?[0m  [["LIMIT", 11]]
  Rendered articles/index.html.erb within layouts/application (Duration: 8.5ms | Allocations: 4156)
  Rendered layout layouts/application.html.erb (Duration: 8.8ms | Allocations: 4220)
Completed 500 Internal Server Error in 12ms (ActiveRecord: 0.3ms | Allocations: 5291)


  
ActionView::Template::Error (undefined method `to_model' for #<Article::ActiveRecord_Relation:0x00007fc2e01383f0>
Did you mean?  to_xml):
    1: <h1>Articles</h1>
    2: 
    3: <ul>
    4:     <%= link_to "test", @articles %>
    5: </ul>
  
app/views/articles/index.html.erb:4
Started GET "/articles" for 127.0.0.1 at 2021-03-07 22:15:28 -0500
Processing by ArticlesController#index as HTML
  Rendering layout layouts/application.html.erb
  Rendering articles/index.html.erb within layouts/application
  [1m[36mArticle Load (0.2ms)[0m  [1m[34mSELECT "articles".* FROM "articles" /* loading for inspect */ LIMIT ?[0m  [["LIMIT", 11]]
  Rendered articles/index.html.erb within layouts/application (Duration: 8.1ms | Allocations: 4096)
  Rendered layout layouts/application.html.erb (Duration: 8.7ms | Allocations: 4160)
Completed 500 Internal Server Error in 26ms (ActiveRecord: 0.2ms | Allocations: 5232)


  
ActionView::Template::Error (undefined method `to_model' for #<Article::ActiveRecord_Relation:0x00007fc2e48cc9a0>
Did you mean?  to_xml):
    1: <h1>Articles</h1>
    2: 
    3: <ul>
    4:     <%= link_to @articles, @articles %>
    5: </ul>
  
app/views/articles/index.html.erb:4
Started GET "/articles" for 127.0.0.1 at 2021-03-07 22:15:52 -0500
Processing by ArticlesController#index as HTML
  Rendering layout layouts/application.html.erb
  Rendering articles/index.html.erb within layouts/application
  [1m[36mArticle Load (0.3ms)[0m  [1m[34mSELECT "articles".* FROM "articles" /* loading for inspect */ LIMIT ?[0m  [["LIMIT", 11]]
  Rendered articles/index.html.erb within layouts/application (Duration: 8.7ms | Allocations: 4082)
  Rendered layout layouts/application.html.erb (Duration: 9.1ms | Allocations: 4146)
Completed 500 Internal Server Error in 13ms (ActiveRecord: 0.3ms | Allocations: 5217)


  
ActionView::Template::Error (undefined method `to_model' for #<Article::ActiveRecord_Relation:0x00007fc2e266f3f8>
Did you mean?  to_xml):
    1: <h1>Articles</h1>
    2: 
    3:     <%= link_to @articles, @articles %>
  
app/views/articles/index.html.erb:3
Started GET "/articles" for 127.0.0.1 at 2021-03-07 22:16:02 -0500
Processing by ArticlesController#index as HTML
  Rendering layout layouts/application.html.erb
  Rendering articles/index.html.erb within layouts/application
  [1m[36mArticle Load (0.2ms)[0m  [1m[34mSELECT "articles".* FROM "articles"[0m
  ↳ app/views/articles/index.html.erb:4
  Rendered articles/index.html.erb within layouts/application (Duration: 3.2ms | Allocations: 845)
[Webpacker] Everything's up-to-date. Nothing to do
  Rendered layout layouts/application.html.erb (Duration: 34.5ms | Allocations: 4537)
Completed 200 OK in 39ms (Views: 37.6ms | ActiveRecord: 0.2ms | Allocations: 5636)


Started GET "/articles/1" for 127.0.0.1 at 2021-03-07 22:16:03 -0500
Processing by ArticlesController#show as HTML
  Parameters: {"id"=>"1"}
  [1m[36mArticle Load (0.2ms)[0m  [1m[34mSELECT "articles".* FROM "articles" WHERE "articles"."id" = ? LIMIT ?[0m  [["id", 1], ["LIMIT", 1]]
  ↳ app/controllers/articles_controller.rb:7:in `show'
  Rendering layout layouts/application.html.erb
  Rendering articles/show.html.erb within layouts/application
  Rendered articles/show.html.erb within layouts/application (Duration: 2.3ms | Allocations: 135)
[Webpacker] Everything's up-to-date. Nothing to do
  Rendered layout layouts/application.html.erb (Duration: 16.8ms | Allocations: 4269)
Completed 200 OK in 23ms (Views: 17.9ms | ActiveRecord: 0.2ms | Allocations: 5328)


Started GET "/articles/1" for 127.0.0.1 at 2021-03-07 22:16:22 -0500
Processing by ArticlesController#show as HTML
  Parameters: {"id"=>"1"}
  [1m[36mArticle Load (0.1ms)[0m  [1m[34mSELECT "articles".* FROM "articles" WHERE "articles"."id" = ? LIMIT ?[0m  [["id", 1], ["LIMIT", 1]]
  ↳ app/controllers/articles_controller.rb:7:in `show'
  Rendering layout layouts/application.html.erb
  Rendering articles/show.html.erb within layouts/application
  Rendered articles/show.html.erb within layouts/application (Duration: 0.1ms | Allocations: 41)
[Webpacker] Everything's up-to-date. Nothing to do
  Rendered layout layouts/application.html.erb (Duration: 15.5ms | Allocations: 3548)
Completed 200 OK in 18ms (Views: 16.1ms | ActiveRecord: 0.1ms | Allocations: 4458)


Started GET "/articles" for 127.0.0.1 at 2021-03-07 22:16:25 -0500
Processing by ArticlesController#index as HTML
  Rendering layout layouts/application.html.erb
  Rendering articles/index.html.erb within layouts/application
  [1m[36mArticle Load (0.3ms)[0m  [1m[34mSELECT "articles".* FROM "articles"[0m
  ↳ app/views/articles/index.html.erb:4
  Rendered articles/index.html.erb within layouts/application (Duration: 2.5ms | Allocations: 716)
[Webpacker] Everything's up-to-date. Nothing to do
  Rendered layout layouts/application.html.erb (Duration: 12.2ms | Allocations: 4222)
Completed 200 OK in 13ms (Views: 12.5ms | ActiveRecord: 0.3ms | Allocations: 4610)


Started GET "/articles/1" for 127.0.0.1 at 2021-03-07 22:16:26 -0500
Processing by ArticlesController#show as HTML
  Parameters: {"id"=>"1"}
  [1m[36mArticle Load (0.2ms)[0m  [1m[34mSELECT "articles".* FROM "articles" WHERE "articles"."id" = ? LIMIT ?[0m  [["id", 1], ["LIMIT", 1]]
  ↳ app/controllers/articles_controller.rb:7:in `show'
  Rendering layout layouts/application.html.erb
  Rendering articles/show.html.erb within layouts/application
  Rendered articles/show.html.erb within layouts/application (Duration: 0.2ms | Allocations: 41)
[Webpacker] Everything's up-to-date. Nothing to do
  Rendered layout layouts/application.html.erb (Duration: 15.3ms | Allocations: 4175)
Completed 200 OK in 19ms (Views: 16.0ms | ActiveRecord: 0.2ms | Allocations: 5087)


Started GET "/" for 127.0.0.1 at 2021-03-08 11:36:30 -0500
  [1m[35m (2.5ms)[0m  [1m[34mSELECT sqlite_version(*)[0m
  [1m[35m (0.6ms)[0m  [1m[34mSELECT "schema_migrations"."version" FROM "schema_migrations" ORDER BY "schema_migrations"."version" ASC[0m
Processing by ArticlesController#index as HTML
  Rendering layout layouts/application.html.erb
  Rendering articles/index.html.erb within layouts/application
  [1m[36mArticle Load (2.0ms)[0m  [1m[34mSELECT "articles".* FROM "articles"[0m
  ↳ app/views/articles/index.html.erb:4
  Rendered articles/index.html.erb within layouts/application (Duration: 26.6ms | Allocations: 3981)
[Webpacker] Everything's up-to-date. Nothing to do
  Rendered layout layouts/application.html.erb (Duration: 100.8ms | Allocations: 9546)
Completed 200 OK in 137ms (Views: 107.9ms | ActiveRecord: 2.7ms | Allocations: 12401)


Started GET "/new" for 127.0.0.1 at 2021-03-08 11:36:33 -0500
  
ActionController::RoutingError (No route matches [GET] "/new"):
  
Started GET "/articles/new" for 127.0.0.1 at 2021-03-08 11:37:48 -0500
  [1m[35m (1.5ms)[0m  [1m[34mSELECT sqlite_version(*)[0m
  [1m[35m (0.7ms)[0m  [1m[34mSELECT "schema_migrations"."version" FROM "schema_migrations" ORDER BY "schema_migrations"."version" ASC[0m
Processing by ArticlesController#new as HTML
  Rendering layout layouts/application.html.erb
  Rendering articles/new.html.erb within layouts/application
  Rendered articles/new.html.erb within layouts/application (Duration: 29.0ms | Allocations: 4287)
[Webpacker] Everything's up-to-date. Nothing to do
  Rendered layout layouts/application.html.erb (Duration: 70.4ms | Allocations: 9843)
Completed 200 OK in 94ms (Views: 74.7ms | ActiveRecord: 0.7ms | Allocations: 15584)


